# JRE version: Java(TM) SE Runtime Environment Oracle GraalVM 17.0.8+9.1 (17.0.8+9) (build 17.0.8+9-LTS-jvmci-23.0-b14)
# Java VM: Java HotSpot(TM) 64-Bit Server VM Oracle GraalVM 17.0.8+9.1 (17.0.8+9-LTS-jvmci-23.0-b14, mixed mode, sharing, tiered, jvmci, jvmci compiler, compressed oops, compressed class ptrs, g1 gc, windows-amd64)
GC Precious Log:
 CPUs: 8 total, 8 available
 Memory: 7975M
 Large Page Support: Disabled
 NUMA Support: Disabled
 Compressed Oops: Enabled (32-bit)
 Heap Region Size: 1M
 Heap Min Capacity: 8M
 Heap Initial Capacity: 126M
 Heap Max Capacity: 1994M
 Pre-touch: Disabled
 Parallel Workers: 8
 Concurrent Workers: 2
 Concurrent Refinement Workers: 8
 Periodic GC: Disabled
Heap:
 garbage-first heap   total 167936K, used 95337K [0x0000000083600000, 0x0000000100000000)
  region size 1024K, 3 young (3072K), 3 survivors (3072K)
 Metaspace       used 23871K, committed 24192K, reserved 1114112K
  class space    used 2410K, committed 2560K, reserved 1048576K
GC Heap History (20 events):
Event: 3.490 GC heap after
{Heap after GC invocations=4 (full 0):
 garbage-first heap   total 129024K, used 20684K [0x0000000083600000, 0x0000000100000000)
  region size 1024K, 9 young (9216K), 9 survivors (9216K)
 Metaspace       used 17804K, committed 18048K, reserved 1114112K
  class space    used 1845K, committed 1984K, reserved 1048576K
}
Event: 4.212 GC heap before
{Heap before GC invocations=4 (full 0):
 garbage-first heap   total 129024K, used 86220K [0x0000000083600000, 0x0000000100000000)
  region size 1024K, 73 young (74752K), 9 survivors (9216K)
 Metaspace       used 20185K, committed 20416K, reserved 1114112K
  class space    used 2062K, committed 2176K, reserved 1048576K
}
Event: 4.222 GC heap after
{Heap after GC invocations=5 (full 0):
 garbage-first heap   total 129024K, used 30412K [0x0000000083600000, 0x0000000100000000)
  region size 1024K, 10 young (10240K), 10 survivors (10240K)
 Metaspace       used 20185K, committed 20416K, reserved 1114112K
  class space    used 2062K, committed 2176K, reserved 1048576K
}
Event: 4.621 GC heap before
{Heap before GC invocations=5 (full 0):
 garbage-first heap   total 129024K, used 89804K [0x0000000083600000, 0x0000000100000000)
  region size 1024K, 68 young (69632K), 10 survivors (10240K)
 Metaspace       used 20274K, committed 20480K, reserved 1114112K
  class space    used 2063K, committed 2176K, reserved 1048576K
}
Event: 4.632 GC heap after
{Heap after GC invocations=6 (full 0):
 garbage-first heap   total 129024K, used 41453K [0x0000000083600000, 0x0000000100000000)
  region size 1024K, 9 young (9216K), 9 survivors (9216K)
 Metaspace       used 20274K, committed 20480K, reserved 1114112K
  class space    used 2063K, committed 2176K, reserved 1048576K
}
Event: 4.980 GC heap before
{Heap before GC invocations=6 (full 0):
 garbage-first heap   total 129024K, used 91629K [0x0000000083600000, 0x0000000100000000)
  region size 1024K, 58 young (59392K), 9 survivors (9216K)
 Metaspace       used 20402K, committed 20608K, reserved 1114112K
  class space    used 2063K, committed 2176K, reserved 1048576K
}
Event: 4.991 GC heap after
{Heap after GC invocations=7 (full 0):
 garbage-first heap   total 155648K, used 52224K [0x0000000083600000, 0x0000000100000000)
  region size 1024K, 8 young (8192K), 8 survivors (8192K)
 Metaspace       used 20402K, committed 20608K, reserved 1114112K
  class space    used 2063K, committed 2176K, reserved 1048576K
}
Event: 6.359 GC heap before
{Heap before GC invocations=7 (full 0):
 garbage-first heap   total 155648K, used 101376K [0x0000000083600000, 0x0000000100000000)
  region size 1024K, 57 young (58368K), 8 survivors (8192K)
 Metaspace       used 21246K, committed 21504K, reserved 1114112K
  class space    used 2147K, committed 2304K, reserved 1048576K
}
Event: 6.370 GC heap after
{Heap after GC invocations=8 (full 0):
 garbage-first heap   total 155648K, used 58880K [0x0000000083600000, 0x0000000100000000)
  region size 1024K, 6 young (6144K), 6 survivors (6144K)
 Metaspace       used 21246K, committed 21504K, reserved 1114112K
  class space    used 2147K, committed 2304K, reserved 1048576K
}
Event: 6.901 GC heap before
{Heap before GC invocations=9 (full 0):
 garbage-first heap   total 155648K, used 113152K [0x0000000083600000, 0x0000000100000000)
  region size 1024K, 59 young (60416K), 6 survivors (6144K)
 Metaspace       used 23399K, committed 23744K, reserved 1114112K
  class space    used 2365K, committed 2560K, reserved 1048576K
}
Event: 6.911 GC heap after
{Heap after GC invocations=10 (full 0):
 garbage-first heap   total 155648K, used 68096K [0x0000000083600000, 0x0000000100000000)
  region size 1024K, 8 young (8192K), 8 survivors (8192K)
 Metaspace       used 23399K, committed 23744K, reserved 1114112K
  class space    used 2365K, committed 2560K, reserved 1048576K
}
Event: 7.096 GC heap before
{Heap before GC invocations=11 (full 0):
 garbage-first heap   total 155648K, used 114176K [0x0000000083600000, 0x0000000100000000)
  region size 1024K, 53 young (54272K), 8 survivors (8192K)
 Metaspace       used 23435K, committed 23744K, reserved 1114112K
  class space    used 2365K, committed 2560K, reserved 1048576K
}
Event: 7.106 GC heap after
{Heap after GC invocations=12 (full 0):
 garbage-first heap   total 155648K, used 77695K [0x0000000083600000, 0x0000000100000000)
  region size 1024K, 7 young (7168K), 7 survivors (7168K)
 Metaspace       used 23435K, committed 23744K, reserved 1114112K
  class space    used 2365K, committed 2560K, reserved 1048576K
}
Event: 7.271 GC heap before
{Heap before GC invocations=12 (full 0):
 garbage-first heap   total 155648K, used 116607K [0x0000000083600000, 0x0000000100000000)
  region size 1024K, 45 young (46080K), 7 survivors (7168K)
 Metaspace       used 23457K, committed 23808K, reserved 1114112K
  class space    used 2365K, committed 2560K, reserved 1048576K
}
Event: 7.278 GC heap after
{Heap after GC invocations=13 (full 0):
 garbage-first heap   total 155648K, used 84992K [0x0000000083600000, 0x0000000100000000)
  region size 1024K, 6 young (6144K), 6 survivors (6144K)
 Metaspace       used 23457K, committed 23808K, reserved 1114112K
  class space    used 2365K, committed 2560K, reserved 1048576K
}
Event: 7.427 GC heap before
{Heap before GC invocations=14 (full 0):
 garbage-first heap   total 167936K, used 119808K [0x0000000083600000, 0x0000000100000000)
  region size 1024K, 40 young (40960K), 6 survivors (6144K)
 Metaspace       used 23382K, committed 23808K, reserved 1114112K
  class space    used 2356K, committed 2560K, reserved 1048576K
}
Event: 7.435 GC heap after
{Heap after GC invocations=15 (full 0):
 garbage-first heap   total 167936K, used 92672K [0x0000000083600000, 0x0000000100000000)
  region size 1024K, 5 young (5120K), 5 survivors (5120K)
 Metaspace       used 23382K, committed 23808K, reserved 1114112K
  class space    used 2356K, committed 2560K, reserved 1048576K
}
Event: 7.459 GC heap before
{Heap before GC invocations=15 (full 0):
 garbage-first heap   total 167936K, used 95744K [0x0000000083600000, 0x0000000100000000)
  region size 1024K, 8 young (8192K), 5 survivors (5120K)
 Metaspace       used 23386K, committed 23808K, reserved 1114112K
  class space    used 2357K, committed 2560K, reserved 1048576K
}
Event: 7.464 GC heap after
{Heap after GC invocations=16 (full 0):
 garbage-first heap   total 167936K, used 93696K [0x0000000083600000, 0x0000000100000000)
  region size 1024K, 1 young (1024K), 1 survivors (1024K)
 Metaspace       used 23386K, committed 23808K, reserved 1114112K
  class space    used 2357K, committed 2560K, reserved 1048576K
}
Event: 7.826 GC heap before
{Heap before GC invocations=16 (full 0):
 garbage-first heap   total 167936K, used 109056K [0x0000000083600000, 0x0000000100000000)
  region size 1024K, 17 young (17408K), 1 survivors (1024K)
 Metaspace       used 23871K, committed 24192K, reserved 1114112K
  class space    used 2410K, committed 2560K, reserved 1048576K
}

